<?xml version="1.0" encoding="UTF-8"?>
<!-- Generated by org.testng.reporters.JUnitReportReporter -->
<testsuite hostname="SOLVERLAPT243" name="Dataprovider.data_provider" tests="1" failures="0" timestamp="6 Dec 2019 07:55:20 GMT" time="0.007" errors="0">
  <testcase name="Requisition" time="0.007" classname="Dataprovider.data_provider"/>
</testsuite> <!-- Dataprovider.data_provider -->
