<?xml version="1.0" encoding="UTF-8"?>
<!-- Generated by org.testng.reporters.JUnitReportReporter -->
<testsuite hostname="SOLVERLAPT243" name="Dataprovider.Testclass" tests="2" failures="0" timestamp="6 Dec 2019 11:28:04 GMT" time="0.049" errors="0">
  <testcase name="integrationTest" time="0.042" classname="Dataprovider.Testclass"/>
  <testcase name="integrationTest" time="0.007" classname="Dataprovider.Testclass"/>
</testsuite> <!-- Dataprovider.Testclass -->
